<?xml version="1.0" encoding="UTF-8"?>
<!-- Generated by org.testng.reporters.JUnitReportReporter -->
<testsuite hostname="ES3028866W1" failures="0" tests="2" name="Inicio.TodosLosTestJuntos" time="17.579" errors="0" timestamp="2021-02-01T09:46:53 CET" skipped="0">
  <testcase classname="Inicio.TodosLosTestJuntos" name="viajes_Alsa" time="6.642"/>
  <system-out/>
  <testcase classname="Inicio.TodosLosTestJuntos" name="destinosyRutas" time="10.937"/>
  <system-out/>
</testsuite> <!-- Inicio.TodosLosTestJuntos -->
