<?xml version="1.0" encoding="UTF-8"?>
<!-- Generated by org.testng.reporters.JUnitReportReporter -->
<testsuite hostname="ES3028866W1" failures="0" tests="1" name="Inicio.DestinosyRutas" time="13.066" errors="0" timestamp="2021-01-29T18:03:42 CET" skipped="0">
  <testcase classname="Inicio.DestinosyRutas" name="destinosyRutas" time="13.066"/>
  <system-out/>
</testsuite> <!-- Inicio.DestinosyRutas -->
