<?xml version="1.0" encoding="UTF-8"?>
<!-- Generated by org.testng.reporters.JUnitReportReporter -->
<testsuite hostname="ES3028866W1" failures="0" tests="1" name="Inicio.AlsaViajes" time="2.743" errors="0" timestamp="2021-01-29T18:02:48 CET" skipped="0">
  <testcase classname="Inicio.AlsaViajes" name="viajes_alsa" time="2.743"/>
  <system-out/>
</testsuite> <!-- Inicio.AlsaViajes -->
